0 info it worked if it ends with ok
1 verbose cli [ 'c:\\Program Files\\nodejs\\node.exe',
1 verbose cli   'c:\\Program Files\\nodejs\\node_modules\\npm\\bin\\npm-cli.js',
1 verbose cli   'install',
1 verbose cli   'bcrypt' ]
2 info using npm@2.5.1
3 info using node@v0.12.0
4 warn package.json code1@1.0.0 No repository field.
5 warn package.json code1@1.0.0 No README data
6 silly cache add args [ 'bcrypt', null ]
7 verbose cache add spec bcrypt
8 silly cache add parsed spec { raw: 'bcrypt',
8 silly cache add   scope: null,
8 silly cache add   name: 'bcrypt',
8 silly cache add   rawSpec: '',
8 silly cache add   spec: '*',
8 silly cache add   type: 'range' }
9 verbose addNamed bcrypt@*
10 silly addNamed semver.valid null
11 silly addNamed semver.validRange *
12 silly addNameRange { name: 'bcrypt', range: '*', hasData: false }
13 silly mapToRegistry name bcrypt
14 silly mapToRegistry using default registry
15 silly mapToRegistry registry https://registry.npmjs.org/
16 silly mapToRegistry uri https://registry.npmjs.org/bcrypt
17 verbose addNameRange registry:https://registry.npmjs.org/bcrypt not in flight; fetching
18 verbose request uri https://registry.npmjs.org/bcrypt
19 verbose request no auth needed
20 info attempt registry request try #1 at 3:53:00 PM
21 verbose request id 7052673129bb3436
22 verbose etag "900KW9RVV7JMU7ZOS2N5EWJ5Z"
23 http request GET https://registry.npmjs.org/bcrypt
24 http 304 https://registry.npmjs.org/bcrypt
25 silly get cb [ 304,
25 silly get   { date: 'Tue, 28 Apr 2015 14:52:58 GMT',
25 silly get     server: 'Apache',
25 silly get     via: '1.1 varnish',
25 silly get     'last-modified': 'Tue, 28 Apr 2015 14:52:58 GMT',
25 silly get     'cache-control': 'max-age=60',
25 silly get     etag: '"900KW9RVV7JMU7ZOS2N5EWJ5Z"',
25 silly get     age: '0',
25 silly get     'x-served-by': 'cache-ams4125-AMS',
25 silly get     'x-cache': 'HIT',
25 silly get     'x-cache-hits': '1',
25 silly get     'x-timer': 'S1430232778.487676,VS0,VE157',
25 silly get     vary: 'Accept',
25 silly get     'content-length': '0',
25 silly get     'keep-alive': 'timeout=10, max=50',
25 silly get     connection: 'Keep-Alive' } ]
26 verbose etag https://registry.npmjs.org/bcrypt from cache
27 verbose get saving bcrypt to C:\Users\gmitcomp\AppData\Roaming\npm-cache\registry.npmjs.org\bcrypt\.cache.json
28 silly addNameRange number 2 { name: 'bcrypt', range: '*', hasData: true }
29 silly addNameRange versions [ 'bcrypt',
29 silly addNameRange   [ '0.1.2',
29 silly addNameRange     '0.2.0',
29 silly addNameRange     '0.2.1',
29 silly addNameRange     '0.1.3',
29 silly addNameRange     '0.2.2',
29 silly addNameRange     '0.2.3',
29 silly addNameRange     '0.2.4',
29 silly addNameRange     '0.3.0',
29 silly addNameRange     '0.3.1',
29 silly addNameRange     '0.3.2',
29 silly addNameRange     '0.4.0',
29 silly addNameRange     '0.4.1',
29 silly addNameRange     '0.5.0',
29 silly addNameRange     '0.6.0',
29 silly addNameRange     '0.7.0',
29 silly addNameRange     '0.7.1',
29 silly addNameRange     '0.7.2',
29 silly addNameRange     '0.7.3',
29 silly addNameRange     '0.7.4',
29 silly addNameRange     '0.7.5',
29 silly addNameRange     '0.7.6',
29 silly addNameRange     '0.7.7',
29 silly addNameRange     '0.7.8',
29 silly addNameRange     '0.8.0',
29 silly addNameRange     '0.8.1',
29 silly addNameRange     '0.8.2' ] ]
30 verbose addNamed bcrypt@0.8.2
31 silly addNamed semver.valid 0.8.2
32 silly addNamed semver.validRange 0.8.2
33 silly cache afterAdd bcrypt@0.8.2
34 verbose afterAdd C:\Users\gmitcomp\AppData\Roaming\npm-cache\bcrypt\0.8.2\package\package.json not in flight; writing
35 verbose afterAdd C:\Users\gmitcomp\AppData\Roaming\npm-cache\bcrypt\0.8.2\package\package.json written
36 silly install resolved [ { name: 'bcrypt',
36 silly install resolved     description: 'A bcrypt library for NodeJS.',
36 silly install resolved     keywords:
36 silly install resolved      [ 'bcrypt',
36 silly install resolved        'password',
36 silly install resolved        'auth',
36 silly install resolved        'authentication',
36 silly install resolved        'encryption',
36 silly install resolved        'crypt',
36 silly install resolved        'crypto' ],
36 silly install resolved     main: './bcrypt',
36 silly install resolved     version: '0.8.2',
36 silly install resolved     author: { name: 'Nick Campbell', url: 'https://github.com/ncb000gt' },
36 silly install resolved     engines: { node: '>= 0.6.0' },
36 silly install resolved     repository:
36 silly install resolved      { type: 'git',
36 silly install resolved        url: 'https://github.com/ncb000gt/node.bcrypt.js.git' },
36 silly install resolved     licenses: [ [Object] ],
36 silly install resolved     bugs: { url: 'https://github.com/ncb000gt/node.bcrypt.js/issues' },
36 silly install resolved     scripts:
36 silly install resolved      { test: 'node-gyp configure build && nodeunit test',
36 silly install resolved        install: 'node-gyp rebuild' },
36 silly install resolved     dependencies: { bindings: '1.2.0', nan: '1.7.0' },
36 silly install resolved     devDependencies: { nodeunit: '>=0.6.4' },
36 silly install resolved     contributors:
36 silly install resolved      [ [Object],
36 silly install resolved        [Object],
36 silly install resolved        [Object],
36 silly install resolved        [Object],
36 silly install resolved        [Object],
36 silly install resolved        [Object],
36 silly install resolved        [Object],
36 silly install resolved        [Object],
36 silly install resolved        [Object],
36 silly install resolved        [Object],
36 silly install resolved        [Object],
36 silly install resolved        [Object],
36 silly install resolved        [Object],
36 silly install resolved        [Object] ],
36 silly install resolved     gypfile: true,
36 silly install resolved     gitHead: '5f5f0e9fa8c0f18b6489d6a07551999de2eb40e5',
36 silly install resolved     homepage: 'https://github.com/ncb000gt/node.bcrypt.js',
36 silly install resolved     _id: 'bcrypt@0.8.2',
36 silly install resolved     _shasum: '4732f0ddd1e0fb066dcd8ad9472d3d300fd96824',
36 silly install resolved     _from: 'bcrypt@*',
36 silly install resolved     _npmVersion: '2.7.3',
36 silly install resolved     _nodeVersion: '0.10.35',
36 silly install resolved     _npmUser: { name: 'shtylman', email: 'shtylman@gmail.com' },
36 silly install resolved     maintainers: [ [Object], [Object], [Object], [Object] ],
36 silly install resolved     dist:
36 silly install resolved      { shasum: '4732f0ddd1e0fb066dcd8ad9472d3d300fd96824',
36 silly install resolved        tarball: 'http://registry.npmjs.org/bcrypt/-/bcrypt-0.8.2.tgz' },
36 silly install resolved     directories: {},
36 silly install resolved     _resolved: 'https://registry.npmjs.org/bcrypt/-/bcrypt-0.8.2.tgz',
36 silly install resolved     readme: 'ERROR: No README data found!' } ]
37 info install bcrypt@0.8.2 into c:\Users\gmitcomp\Documents\GitHub\G00282748\code1
38 info installOne bcrypt@0.8.2
39 verbose installOne of bcrypt to c:\Users\gmitcomp\Documents\GitHub\G00282748\code1 not in flight; installing
40 verbose lock using C:\Users\gmitcomp\AppData\Roaming\npm-cache\_locks\bcrypt-3d0a193daaf94091.lock for c:\Users\gmitcomp\Documents\GitHub\G00282748\code1\node_modules\bcrypt
41 silly install write writing bcrypt 0.8.2 to c:\Users\gmitcomp\Documents\GitHub\G00282748\code1\node_modules\bcrypt
42 silly cache addNamed cb bcrypt@0.8.2
43 verbose unbuild node_modules\bcrypt
44 verbose gentlyRm vacuuming c:\Users\gmitcomp\Documents\GitHub\G00282748\code1\node_modules\bcrypt
45 verbose tar unpack C:\Users\gmitcomp\AppData\Roaming\npm-cache\bcrypt\0.8.2\package.tgz
46 verbose tar unpacking to c:\Users\gmitcomp\Documents\GitHub\G00282748\code1\node_modules\bcrypt
47 verbose gentlyRm vacuuming c:\Users\gmitcomp\Documents\GitHub\G00282748\code1\node_modules\bcrypt
48 silly gunzTarPerm modes [ '777', '666' ]
49 silly gunzTarPerm extractEntry package.json
50 silly gunzTarPerm modified mode [ 'package.json', 420, 438 ]
51 silly gunzTarPerm extractEntry .npmignore
52 silly gunzTarPerm modified mode [ '.npmignore', 420, 438 ]
53 silly gunzTarPerm extractEntry README.md
54 silly gunzTarPerm modified mode [ 'README.md', 420, 438 ]
55 silly gunzTarPerm extractEntry LICENSE
56 silly gunzTarPerm modified mode [ 'LICENSE', 420, 438 ]
57 silly gunzTarPerm extractEntry bcrypt.js
58 silly gunzTarPerm modified mode [ 'bcrypt.js', 420, 438 ]
59 silly gunzTarPerm extractEntry binding.gyp
60 silly gunzTarPerm modified mode [ 'binding.gyp', 420, 438 ]
61 silly gunzTarPerm extractEntry .travis.yml
62 silly gunzTarPerm modified mode [ '.travis.yml', 420, 438 ]
63 silly gunzTarPerm extractEntry CHANGELOG.md
64 silly gunzTarPerm modified mode [ 'CHANGELOG.md', 420, 438 ]
65 silly gunzTarPerm extractEntry examples/async_compare.js
66 silly gunzTarPerm modified mode [ 'examples/async_compare.js', 420, 438 ]
67 silly gunzTarPerm extractEntry examples/forever_gen_salt.js
68 silly gunzTarPerm modified mode [ 'examples/forever_gen_salt.js', 420, 438 ]
69 silly gunzTarPerm extractEntry test/async.js
70 silly gunzTarPerm modified mode [ 'test/async.js', 420, 438 ]
71 silly gunzTarPerm extractEntry test/repetitions.js
72 silly gunzTarPerm modified mode [ 'test/repetitions.js', 420, 438 ]
73 silly gunzTarPerm extractEntry test/sync.js
74 silly gunzTarPerm modified mode [ 'test/sync.js', 420, 438 ]
75 silly gunzTarPerm extractEntry Makefile
76 silly gunzTarPerm modified mode [ 'Makefile', 420, 438 ]
77 silly gunzTarPerm extractEntry src/bcrypt.cc
78 silly gunzTarPerm modified mode [ 'src/bcrypt.cc', 420, 438 ]
79 silly gunzTarPerm extractEntry src/bcrypt_node.cc
80 silly gunzTarPerm modified mode [ 'src/bcrypt_node.cc', 420, 438 ]
81 silly gunzTarPerm extractEntry src/blowfish.cc
82 silly gunzTarPerm modified mode [ 'src/blowfish.cc', 420, 438 ]
83 silly gunzTarPerm extractEntry src/node_blf.h
84 silly gunzTarPerm modified mode [ 'src/node_blf.h', 420, 438 ]
85 silly gunzTarPerm extractEntry werker.yml
86 silly gunzTarPerm modified mode [ 'werker.yml', 420, 438 ]
87 info preinstall bcrypt@0.8.2
88 silly prepareForInstallMany adding bindings@1.2.0 from bcrypt dependencies
89 silly prepareForInstallMany adding nan@1.7.0 from bcrypt dependencies
90 silly cache add args [ 'bindings@1.2.0', null ]
91 verbose cache add spec bindings@1.2.0
92 silly cache add args [ 'nan@1.7.0', null ]
93 verbose cache add spec nan@1.7.0
94 silly cache add parsed spec { raw: 'bindings@1.2.0',
94 silly cache add   scope: null,
94 silly cache add   name: 'bindings',
94 silly cache add   rawSpec: '1.2.0',
94 silly cache add   spec: '1.2.0',
94 silly cache add   type: 'version' }
95 verbose addNamed bindings@1.2.0
96 silly addNamed semver.valid 1.2.0
97 silly addNamed semver.validRange 1.2.0
98 silly mapToRegistry name bindings
99 silly mapToRegistry using default registry
100 silly mapToRegistry registry https://registry.npmjs.org/
101 silly mapToRegistry uri https://registry.npmjs.org/bindings
102 verbose addNameVersion registry:https://registry.npmjs.org/bindings not in flight; fetching
103 silly cache add parsed spec { raw: 'nan@1.7.0',
103 silly cache add   scope: null,
103 silly cache add   name: 'nan',
103 silly cache add   rawSpec: '1.7.0',
103 silly cache add   spec: '1.7.0',
103 silly cache add   type: 'version' }
104 verbose addNamed nan@1.7.0
105 silly addNamed semver.valid 1.7.0
106 silly addNamed semver.validRange 1.7.0
107 silly mapToRegistry name nan
108 silly mapToRegistry using default registry
109 silly mapToRegistry registry https://registry.npmjs.org/
110 silly mapToRegistry uri https://registry.npmjs.org/nan
111 verbose addNameVersion registry:https://registry.npmjs.org/nan not in flight; fetching
112 verbose request uri https://registry.npmjs.org/bindings
113 verbose request no auth needed
114 info attempt registry request try #1 at 3:53:01 PM
115 verbose etag "5997G8NY1OJEMZ1HNHL7VBX5J"
116 http request GET https://registry.npmjs.org/bindings
117 verbose request uri https://registry.npmjs.org/nan
118 verbose request no auth needed
119 info attempt registry request try #1 at 3:53:01 PM
120 verbose etag "D9X1WVB37H5NYMOI61FHEOYM0"
121 http request GET https://registry.npmjs.org/nan
122 http 304 https://registry.npmjs.org/bindings
123 silly get cb [ 304,
123 silly get   { date: 'Tue, 28 Apr 2015 14:52:59 GMT',
123 silly get     server: 'Apache',
123 silly get     via: '1.1 varnish',
123 silly get     'last-modified': 'Tue, 28 Apr 2015 14:52:59 GMT',
123 silly get     'cache-control': 'max-age=60',
123 silly get     etag: '"5997G8NY1OJEMZ1HNHL7VBX5J"',
123 silly get     age: '6',
123 silly get     'x-served-by': 'cache-ams4131-AMS',
123 silly get     'x-cache': 'HIT',
123 silly get     'x-cache-hits': '1',
123 silly get     'x-timer': 'S1430232779.185422,VS0,VE0',
123 silly get     vary: 'Accept',
123 silly get     'content-length': '0',
123 silly get     'keep-alive': 'timeout=10, max=50',
123 silly get     connection: 'Keep-Alive' } ]
124 verbose etag https://registry.npmjs.org/bindings from cache
125 verbose get saving bindings to C:\Users\gmitcomp\AppData\Roaming\npm-cache\registry.npmjs.org\bindings\.cache.json
126 http 304 https://registry.npmjs.org/nan
127 silly get cb [ 304,
127 silly get   { date: 'Tue, 28 Apr 2015 14:52:59 GMT',
127 silly get     server: 'Apache',
127 silly get     via: '1.1 varnish',
127 silly get     'last-modified': 'Tue, 28 Apr 2015 14:52:35 GMT',
127 silly get     'cache-control': 'max-age=60',
127 silly get     etag: '"D9X1WVB37H5NYMOI61FHEOYM0"',
127 silly get     age: '29',
127 silly get     'x-served-by': 'cache-ams4122-AMS',
127 silly get     'x-cache': 'HIT',
127 silly get     'x-cache-hits': '2',
127 silly get     'x-timer': 'S1430232779.188182,VS0,VE0',
127 silly get     vary: 'Accept',
127 silly get     'content-length': '0',
127 silly get     'keep-alive': 'timeout=10, max=50',
127 silly get     connection: 'Keep-Alive' } ]
128 verbose etag https://registry.npmjs.org/nan from cache
129 verbose get saving nan to C:\Users\gmitcomp\AppData\Roaming\npm-cache\registry.npmjs.org\nan\.cache.json
130 silly cache afterAdd bindings@1.2.0
131 verbose afterAdd C:\Users\gmitcomp\AppData\Roaming\npm-cache\bindings\1.2.0\package\package.json not in flight; writing
132 silly cache afterAdd nan@1.7.0
133 verbose afterAdd C:\Users\gmitcomp\AppData\Roaming\npm-cache\nan\1.7.0\package\package.json not in flight; writing
134 verbose afterAdd C:\Users\gmitcomp\AppData\Roaming\npm-cache\bindings\1.2.0\package\package.json written
135 verbose afterAdd C:\Users\gmitcomp\AppData\Roaming\npm-cache\nan\1.7.0\package\package.json written
136 silly install resolved [ { name: 'bindings',
136 silly install resolved     description: 'Helper module for loading your native module\'s .node file',
136 silly install resolved     keywords: [ 'native', 'addon', 'bindings', 'gyp', 'waf', 'c', 'c++' ],
136 silly install resolved     version: '1.2.0',
136 silly install resolved     author:
136 silly install resolved      { name: 'Nathan Rajlich',
136 silly install resolved        email: 'nathan@tootallnate.net',
136 silly install resolved        url: 'http://tootallnate.net' },
136 silly install resolved     repository:
136 silly install resolved      { type: 'git',
136 silly install resolved        url: 'git://github.com/TooTallNate/node-bindings.git' },
136 silly install resolved     main: './bindings.js',
136 silly install resolved     bugs: { url: 'https://github.com/TooTallNate/node-bindings/issues' },
136 silly install resolved     homepage: 'https://github.com/TooTallNate/node-bindings',
136 silly install resolved     _id: 'bindings@1.2.0',
136 silly install resolved     dist:
136 silly install resolved      { shasum: 'c224fc5b349a84043779f97a6271d9d70da7636f',
136 silly install resolved        tarball: 'http://registry.npmjs.org/bindings/-/bindings-1.2.0.tgz' },
136 silly install resolved     _from: 'bindings@1.2.0',
136 silly install resolved     _npmVersion: '1.4.3',
136 silly install resolved     _npmUser: { name: 'tootallnate', email: 'nathan@tootallnate.net' },
136 silly install resolved     maintainers: [ [Object], [Object] ],
136 silly install resolved     directories: {},
136 silly install resolved     _shasum: 'c224fc5b349a84043779f97a6271d9d70da7636f',
136 silly install resolved     _resolved: 'https://registry.npmjs.org/bindings/-/bindings-1.2.0.tgz',
136 silly install resolved     readme: 'ERROR: No README data found!' },
136 silly install resolved   { name: 'nan',
136 silly install resolved     version: '1.7.0',
136 silly install resolved     description: 'Native Abstractions for Node.js: C++ header for Node 0.8->0.12 compatibility',
136 silly install resolved     main: 'include_dirs.js',
136 silly install resolved     repository: { type: 'git', url: 'git://github.com/rvagg/nan.git' },
136 silly install resolved     scripts:
136 silly install resolved      { test: 'tap --gc test/js/*-test.js',
136 silly install resolved        'rebuild-tests': 'pangyp rebuild --directory test' },
136 silly install resolved     contributors:
136 silly install resolved      [ [Object],
136 silly install resolved        [Object],
136 silly install resolved        [Object],
136 silly install resolved        [Object],
136 silly install resolved        [Object],
136 silly install resolved        [Object],
136 silly install resolved        [Object] ],
136 silly install resolved     devDependencies:
136 silly install resolved      { bindings: '~1.2.1',
136 silly install resolved        'node-gyp': '~1.0.2',
136 silly install resolved        pangyp: '~2.0.1',
136 silly install resolved        tap: '~0.5.0',
136 silly install resolved        xtend: '~4.0.0' },
136 silly install resolved     license: 'MIT',
136 silly install resolved     gitHead: '550efb5dde5cb6bf79db87ab48dce850e56e971a',
136 silly install resolved     bugs: { url: 'https://github.com/rvagg/nan/issues' },
136 silly install resolved     homepage: 'https://github.com/rvagg/nan',
136 silly install resolved     _id: 'nan@1.7.0',
136 silly install resolved     _shasum: '755b997404e83cbe7bc08bc3c5c56291bce87438',
136 silly install resolved     _from: 'nan@1.7.0',
136 silly install resolved     _npmVersion: '2.5.1',
136 silly install resolved     _nodeVersion: '0.12.0',
136 silly install resolved     _npmUser: { name: 'kkoopa', email: 'bbyholm@abo.fi' },
136 silly install resolved     maintainers: [ [Object], [Object] ],
136 silly install resolved     dist:
136 silly install resolved      { shasum: '755b997404e83cbe7bc08bc3c5c56291bce87438',
136 silly install resolved        tarball: 'http://registry.npmjs.org/nan/-/nan-1.7.0.tgz' },
136 silly install resolved     directories: {},
136 silly install resolved     _resolved: 'https://registry.npmjs.org/nan/-/nan-1.7.0.tgz',
136 silly install resolved     readme: 'ERROR: No README data found!' } ]
137 info install bindings@1.2.0 into c:\Users\gmitcomp\Documents\GitHub\G00282748\code1\node_modules\bcrypt
138 info install nan@1.7.0 into c:\Users\gmitcomp\Documents\GitHub\G00282748\code1\node_modules\bcrypt
139 info installOne bindings@1.2.0
140 verbose installOne of bindings to c:\Users\gmitcomp\Documents\GitHub\G00282748\code1\node_modules\bcrypt not in flight; installing
141 info installOne nan@1.7.0
142 verbose installOne of nan to c:\Users\gmitcomp\Documents\GitHub\G00282748\code1\node_modules\bcrypt not in flight; installing
143 verbose lock using C:\Users\gmitcomp\AppData\Roaming\npm-cache\_locks\bindings-f501a51025f088eb.lock for c:\Users\gmitcomp\Documents\GitHub\G00282748\code1\node_modules\bcrypt\node_modules\bindings
144 verbose lock using C:\Users\gmitcomp\AppData\Roaming\npm-cache\_locks\nan-234cc8a6da84d323.lock for c:\Users\gmitcomp\Documents\GitHub\G00282748\code1\node_modules\bcrypt\node_modules\nan
145 silly install write writing bindings 1.2.0 to c:\Users\gmitcomp\Documents\GitHub\G00282748\code1\node_modules\bcrypt\node_modules\bindings
146 silly cache addNamed cb bindings@1.2.0
147 verbose unbuild node_modules\bcrypt\node_modules\bindings
148 silly install write writing nan 1.7.0 to c:\Users\gmitcomp\Documents\GitHub\G00282748\code1\node_modules\bcrypt\node_modules\nan
149 silly cache addNamed cb nan@1.7.0
150 verbose unbuild node_modules\bcrypt\node_modules\nan
151 verbose gentlyRm vacuuming c:\Users\gmitcomp\Documents\GitHub\G00282748\code1\node_modules\bcrypt\node_modules\bindings
152 verbose gentlyRm vacuuming c:\Users\gmitcomp\Documents\GitHub\G00282748\code1\node_modules\bcrypt\node_modules\nan
153 verbose tar unpack C:\Users\gmitcomp\AppData\Roaming\npm-cache\bindings\1.2.0\package.tgz
154 verbose tar unpacking to c:\Users\gmitcomp\Documents\GitHub\G00282748\code1\node_modules\bcrypt\node_modules\bindings
155 verbose gentlyRm vacuuming c:\Users\gmitcomp\Documents\GitHub\G00282748\code1\node_modules\bcrypt\node_modules\bindings
156 verbose tar unpack C:\Users\gmitcomp\AppData\Roaming\npm-cache\nan\1.7.0\package.tgz
157 verbose tar unpacking to c:\Users\gmitcomp\Documents\GitHub\G00282748\code1\node_modules\bcrypt\node_modules\nan
158 verbose gentlyRm vacuuming c:\Users\gmitcomp\Documents\GitHub\G00282748\code1\node_modules\bcrypt\node_modules\nan
159 silly gunzTarPerm modes [ '777', '666' ]
160 silly gunzTarPerm modes [ '777', '666' ]
161 silly gunzTarPerm extractEntry package.json
162 silly gunzTarPerm modified mode [ 'package.json', 420, 438 ]
163 silly gunzTarPerm extractEntry package.json
164 silly gunzTarPerm modified mode [ 'package.json', 436, 438 ]
165 silly gunzTarPerm extractEntry README.md
166 silly gunzTarPerm modified mode [ 'README.md', 420, 438 ]
167 silly gunzTarPerm extractEntry bindings.js
168 silly gunzTarPerm modified mode [ 'bindings.js', 420, 438 ]
169 silly gunzTarPerm extractEntry include_dirs.js
170 silly gunzTarPerm modified mode [ 'include_dirs.js', 436, 438 ]
171 silly gunzTarPerm extractEntry LICENSE.md
172 silly gunzTarPerm modified mode [ 'LICENSE.md', 436, 438 ]
173 silly gunzTarPerm extractEntry .dntrc
174 silly gunzTarPerm modified mode [ '.dntrc', 436, 438 ]
175 silly gunzTarPerm extractEntry appveyor.yml
176 silly gunzTarPerm modified mode [ 'appveyor.yml', 436, 438 ]
177 silly gunzTarPerm extractEntry nan.h
178 silly gunzTarPerm modified mode [ 'nan.h', 436, 438 ]
179 silly gunzTarPerm extractEntry nan_implementation_12_inl.h
180 silly gunzTarPerm modified mode [ 'nan_implementation_12_inl.h', 436, 438 ]
181 silly gunzTarPerm extractEntry nan_implementation_pre_12_inl.h
182 silly gunzTarPerm modified mode [ 'nan_implementation_pre_12_inl.h', 436, 438 ]
183 silly gunzTarPerm extractEntry nan_new.h
184 silly gunzTarPerm modified mode [ 'nan_new.h', 436, 438 ]
185 silly gunzTarPerm extractEntry nan_string_bytes.h
186 silly gunzTarPerm modified mode [ 'nan_string_bytes.h', 436, 438 ]
187 silly gunzTarPerm extractEntry CHANGELOG.md
188 silly gunzTarPerm modified mode [ 'CHANGELOG.md', 436, 438 ]
189 info preinstall bindings@1.2.0
190 silly install resolved []
191 verbose about to build c:\Users\gmitcomp\Documents\GitHub\G00282748\code1\node_modules\bcrypt\node_modules\bindings
192 info build c:\Users\gmitcomp\Documents\GitHub\G00282748\code1\node_modules\bcrypt\node_modules\bindings
193 verbose linkStuff [ false,
193 verbose linkStuff   false,
193 verbose linkStuff   false,
193 verbose linkStuff   'c:\\Users\\gmitcomp\\Documents\\GitHub\\G00282748\\code1\\node_modules\\bcrypt\\node_modules' ]
194 info linkStuff bindings@1.2.0
195 verbose linkBins bindings@1.2.0
196 verbose linkMans bindings@1.2.0
197 verbose rebuildBundles bindings@1.2.0
198 info install bindings@1.2.0
199 info postinstall bindings@1.2.0
200 verbose unlock done using C:\Users\gmitcomp\AppData\Roaming\npm-cache\_locks\bindings-f501a51025f088eb.lock for c:\Users\gmitcomp\Documents\GitHub\G00282748\code1\node_modules\bcrypt\node_modules\bindings
201 info preinstall nan@1.7.0
202 silly install resolved []
203 verbose about to build c:\Users\gmitcomp\Documents\GitHub\G00282748\code1\node_modules\bcrypt\node_modules\nan
204 info build c:\Users\gmitcomp\Documents\GitHub\G00282748\code1\node_modules\bcrypt\node_modules\nan
205 verbose linkStuff [ false,
205 verbose linkStuff   false,
205 verbose linkStuff   false,
205 verbose linkStuff   'c:\\Users\\gmitcomp\\Documents\\GitHub\\G00282748\\code1\\node_modules\\bcrypt\\node_modules' ]
206 info linkStuff nan@1.7.0
207 verbose linkBins nan@1.7.0
208 verbose linkMans nan@1.7.0
209 verbose rebuildBundles nan@1.7.0
210 info install nan@1.7.0
211 info postinstall nan@1.7.0
212 verbose unlock done using C:\Users\gmitcomp\AppData\Roaming\npm-cache\_locks\nan-234cc8a6da84d323.lock for c:\Users\gmitcomp\Documents\GitHub\G00282748\code1\node_modules\bcrypt\node_modules\nan
213 verbose about to build c:\Users\gmitcomp\Documents\GitHub\G00282748\code1\node_modules\bcrypt
214 info build c:\Users\gmitcomp\Documents\GitHub\G00282748\code1\node_modules\bcrypt
215 verbose linkStuff [ false,
215 verbose linkStuff   false,
215 verbose linkStuff   false,
215 verbose linkStuff   'c:\\Users\\gmitcomp\\Documents\\GitHub\\G00282748\\code1\\node_modules' ]
216 info linkStuff bcrypt@0.8.2
217 verbose linkBins bcrypt@0.8.2
218 verbose linkMans bcrypt@0.8.2
219 verbose rebuildBundles bcrypt@0.8.2
220 verbose rebuildBundles [ 'bindings', 'nan' ]
221 info install bcrypt@0.8.2
222 verbose unsafe-perm in lifecycle true
223 info bcrypt@0.8.2 Failed to exec install script
224 verbose unlock done using C:\Users\gmitcomp\AppData\Roaming\npm-cache\_locks\bcrypt-3d0a193daaf94091.lock for c:\Users\gmitcomp\Documents\GitHub\G00282748\code1\node_modules\bcrypt
225 verbose stack Error: bcrypt@0.8.2 install: `node-gyp rebuild`
225 verbose stack Exit status 1
225 verbose stack     at EventEmitter.<anonymous> (c:\Program Files\nodejs\node_modules\npm\lib\utils\lifecycle.js:213:16)
225 verbose stack     at EventEmitter.emit (events.js:110:17)
225 verbose stack     at ChildProcess.<anonymous> (c:\Program Files\nodejs\node_modules\npm\lib\utils\spawn.js:14:12)
225 verbose stack     at ChildProcess.emit (events.js:110:17)
225 verbose stack     at maybeClose (child_process.js:1008:16)
225 verbose stack     at Process.ChildProcess._handle.onexit (child_process.js:1080:5)
226 verbose pkgid bcrypt@0.8.2
227 verbose cwd c:\Users\gmitcomp\Documents\GitHub\G00282748\code1
228 error Windows_NT 6.3.9600
229 error argv "c:\\Program Files\\nodejs\\node.exe" "c:\\Program Files\\nodejs\\node_modules\\npm\\bin\\npm-cli.js" "install" "bcrypt"
230 error node v0.12.0
231 error npm  v2.5.1
232 error code ELIFECYCLE
233 error bcrypt@0.8.2 install: `node-gyp rebuild`
233 error Exit status 1
234 error Failed at the bcrypt@0.8.2 install script 'node-gyp rebuild'.
234 error This is most likely a problem with the bcrypt package,
234 error not with npm itself.
234 error Tell the author that this fails on your system:
234 error     node-gyp rebuild
234 error You can get their info via:
234 error     npm owner ls bcrypt
234 error There is likely additional logging output above.
235 verbose exit [ 1, true ]
236 verbose unbuild node_modules\bcrypt
237 info preuninstall bcrypt@0.8.2
238 info uninstall bcrypt@0.8.2
239 verbose unbuild rmStuff bcrypt@0.8.2 from c:\Users\gmitcomp\Documents\GitHub\G00282748\code1\node_modules
240 info postuninstall bcrypt@0.8.2
241 verbose gentlyRm vacuuming c:\Users\gmitcomp\Documents\GitHub\G00282748\code1\node_modules\bcrypt
242 silly gentlyRm purging c:\Users\gmitcomp\Documents\GitHub\G00282748\code1\node_modules\bcrypt
243 silly gentlyRm quitting because other entries in c:\Users\gmitcomp\Documents\GitHub\G00282748\code1\node_modules
